2026-Apr-17 12:33:39 Наличие необходимых модулей php (check_php_modules): Ok
Все необходимые модули установлены
2026-Apr-17 12:33:40 Обязательные параметры PHP (check_php_settings): Ok
Настройки правильные
2026-Apr-17 12:33:41 Модули веб-сервера (check_security): Ok
Конфликтов не выявлено
2026-Apr-17 12:33:42 Значения переменных сервера (check_server_vars): Ok
Корректные
2026-Apr-17 12:33:43 Сохранение сессии (check_session): Ok
50% done
2026-Apr-17 12:33:44 Сохранение сессии (check_session): Ok
Успешно
2026-Apr-17 12:33:45 Параметры настройки UTF (mbstring и константа BX_UTF) (check_mbstring): Ok
Правильные. Сайт работает в UTF кодировке
2026-Apr-17 12:33:47 Служебные скрипты в корне сайта (check_install_scripts): Ok
Отсутствуют
2026-Apr-17 12:33:48 Работа с сокетами (check_socket): Ok
Connection to localhost:80	Success

Успешно
2026-Apr-17 12:33:49 Выполнение агентов на cron (check_bx_crontab): Warning
Замечание. Агенты выполняются на хитах, рекомендуется перевести выполнение агентов на cron
2026-Apr-17 12:33:52 Лишний вывод в файлах конфигурации (check_dbconn): Ok
Connection to localhost:80	Success

Успешно
2026-Apr-17 12:33:53 Сохранение сессии без UserAgent (check_session_ua): Ok
50% done
Connection to localhost:80	Success

2026-Apr-17 12:33:54 Сохранение сессии без UserAgent (check_session_ua): Ok
Connection to localhost:80	Success

Успешно
2026-Apr-17 12:33:55 Настройки сайтов (check_sites): Ok
Правильные
2026-Apr-17 12:33:56 Размер стека и pcre.recursion_limit (check_pcre_recursion): Ok
Connection to localhost:80	Success

Успешно
2026-Apr-17 12:33:58 Загрузка файла (check_upload): Ok
Connection to localhost:80	Success

Успешно
2026-Apr-17 12:33:59 Загрузка файла больше 4Мб (check_upload_big): Ok
Connection to localhost:80	Success

Успешно
2026-Apr-17 12:34:00 Загрузка файла через php://input (check_upload_raw): Ok
Connection to localhost:80	Success

Успешно
2026-Apr-17 12:34:01 Передача POST запроса с большим числом параметров (check_post): Ok
Connection to localhost:80	Success

Успешно
2026-Apr-17 12:34:02 Отправка почты (check_mail): Fail
Ошибка! Не работает
2026-Apr-17 12:34:03 Отправка почтового сообщения больше 64Кб (check_mail_big): Fail
Ошибка! Не работает
2026-Apr-17 12:34:04 Проверка на наличие неотправленных сообщений (check_mail_b_event): Ok
Успешно
2026-Apr-17 12:34:05 Внутреннее перенаправление (функция LocalRedirect) (check_localredirect): Ok
50% done
Connection to localhost:80	Success

2026-Apr-17 12:34:06 Внутреннее перенаправление (функция LocalRedirect) (check_localredirect): Ok
Connection to localhost:80	Success

Успешно
2026-Apr-17 12:34:08 Фактическое ограничение памяти (check_memory_limit): Ok
20% done
Connection to localhost:80	Success

2026-Apr-17 12:34:09 Фактическое ограничение памяти (check_memory_limit): Ok
40% done
Connection to localhost:80	Success

2026-Apr-17 12:34:10 Фактическое ограничение памяти (check_memory_limit): Ok
60% done
Connection to localhost:80	Success

2026-Apr-17 12:34:11 Фактическое ограничение памяти (check_memory_limit): Ok
80% done
Connection to localhost:80	Success

2026-Apr-17 12:34:12 Фактическое ограничение памяти (check_memory_limit): Ok
Connection to localhost:80	Success

Не менее 256 М
2026-Apr-17 12:34:13 Работа с файлами кеша (check_cache): Ok
Успешно
2026-Apr-17 12:34:15 Доступ к серверу обновлений (check_update): Ok
Успешно
2026-Apr-17 12:34:16 HTTP авторизация (check_http_auth): Ok
Connection to localhost:80	Success

Успешно
2026-Apr-17 12:34:17 Создание и запуск файла (check_exec): Ok
Connection to localhost:80	Success

Успешно
2026-Apr-17 12:34:19 Функция getimagesize для swf (check_getimagesize): Ok
Успешно
2026-Apr-17 12:34:20 Версия MySQL-сервера (check_mysql_bug_version): Ok
Успешно
2026-Apr-17 12:34:22 Время на БД и веб-сервере (check_mysql_time): Fail
Ошибка! Время отличается на 10800 секунд
2026-Apr-17 12:34:23 Режим работы MySQL (check_mysql_mode): Ok
Успешно
2026-Apr-17 12:34:24 Кодировка соединения (check_mysql_connection_charset): Ok
character_set_connection=utf8mb4, collation_connection=utf8mb4_unicode_ci, character_set_results=utf8mb4
Успешно
2026-Apr-17 12:34:25 Кодировка базы данных (check_mysql_db_charset): Ok
CHARSET=utf8mb4, COLLATION=utf8mb4_unicode_ci
Успешно
2026-Apr-17 12:34:27 Формат хранения таблиц в БД (check_mysql_table_format): Ok
Успешно
2026-Apr-17 12:34:29 Кодировки таблиц в БД (check_mysql_table_charset): Ok
Успешно
2026-Apr-17 12:34:30 Структура базы данных (check_mysql_table_structure): Ok
0% done
2026-Apr-17 12:34:32 Структура базы данных (check_mysql_table_structure): Ok
2% done
2026-Apr-17 12:34:33 Структура базы данных (check_mysql_table_structure): Ok
4% done
2026-Apr-17 12:34:34 Структура базы данных (check_mysql_table_structure): Ok
6% done
2026-Apr-17 12:34:36 Структура базы данных (check_mysql_table_structure): Ok
8% done
2026-Apr-17 12:34:37 Структура базы данных (check_mysql_table_structure): Ok
10% done
2026-Apr-17 12:34:39 Структура базы данных (check_mysql_table_structure): Ok
12% done
2026-Apr-17 12:34:41 Структура базы данных (check_mysql_table_structure): Ok
14% done
2026-Apr-17 12:34:44 Структура базы данных (check_mysql_table_structure): Ok
17% done
2026-Apr-17 12:34:45 Структура базы данных (check_mysql_table_structure): Ok
19% done
2026-Apr-17 12:34:47 Структура базы данных (check_mysql_table_structure): Ok
21% done
2026-Apr-17 12:34:48 Структура базы данных (check_mysql_table_structure): Ok
23% done
2026-Apr-17 12:34:49 Структура базы данных (check_mysql_table_structure): Ok
25% done
2026-Apr-17 12:34:51 Структура базы данных (check_mysql_table_structure): Ok
27% done
2026-Apr-17 12:34:53 Структура базы данных (check_mysql_table_structure): Ok
29% done
2026-Apr-17 12:34:54 Структура базы данных (check_mysql_table_structure): Ok
31% done
2026-Apr-17 12:34:56 Структура базы данных (check_mysql_table_structure): Ok
34% done
2026-Apr-17 12:34:57 Структура базы данных (check_mysql_table_structure): Ok
36% done
2026-Apr-17 12:35:00 Структура базы данных (check_mysql_table_structure): Ok
38% done
2026-Apr-17 12:35:02 Структура базы данных (check_mysql_table_structure): Ok
40% done
2026-Apr-17 12:35:03 Структура базы данных (check_mysql_table_structure): Ok
42% done
2026-Apr-17 12:35:04 Структура базы данных (check_mysql_table_structure): Ok
44% done
2026-Apr-17 12:35:07 Структура базы данных (check_mysql_table_structure): Ok
46% done
2026-Apr-17 12:35:12 Структура базы данных (check_mysql_table_structure): Ok
48% done
2026-Apr-17 12:35:13 Структура базы данных (check_mysql_table_structure): Ok
51% done
2026-Apr-17 12:35:14 Структура базы данных (check_mysql_table_structure): Ok
53% done
2026-Apr-17 12:35:16 Структура базы данных (check_mysql_table_structure): Ok
55% done
2026-Apr-17 12:35:17 Структура базы данных (check_mysql_table_structure): Ok
57% done
2026-Apr-17 12:35:19 Структура базы данных (check_mysql_table_structure): Ok
59% done
2026-Apr-17 12:35:20 Структура базы данных (check_mysql_table_structure): Ok
61% done
2026-Apr-17 12:35:22 Структура базы данных (check_mysql_table_structure): Ok
63% done
2026-Apr-17 12:35:28 Структура базы данных (check_mysql_table_structure): Ok
65% done
2026-Apr-17 12:35:29 Структура базы данных (check_mysql_table_structure): Ok
68% done
2026-Apr-17 12:35:31 Структура базы данных (check_mysql_table_structure): Ok
70% done
2026-Apr-17 12:35:34 Структура базы данных (check_mysql_table_structure): Ok
72% done
2026-Apr-17 12:35:35 Структура базы данных (check_mysql_table_structure): Ok
74% done
2026-Apr-17 12:35:37 Структура базы данных (check_mysql_table_structure): Ok
76% done
2026-Apr-17 12:35:39 Структура базы данных (check_mysql_table_structure): Ok
78% done
2026-Apr-17 12:35:41 Структура базы данных (check_mysql_table_structure): Ok
80% done
2026-Apr-17 12:35:42 Структура базы данных (check_mysql_table_structure): Ok
82% done
2026-Apr-17 12:35:44 Структура базы данных (check_mysql_table_structure): Ok
85% done
2026-Apr-17 12:35:45 Структура базы данных (check_mysql_table_structure): Ok
87% done
2026-Apr-17 12:35:47 Структура базы данных (check_mysql_table_structure): Ok
89% done
2026-Apr-17 12:35:48 Структура базы данных (check_mysql_table_structure): Ok
91% done
2026-Apr-17 12:35:49 Структура базы данных (check_mysql_table_structure): Ok
93% done
2026-Apr-17 12:35:50 Структура базы данных (check_mysql_table_structure): Ok
95% done
2026-Apr-17 12:35:52 Структура базы данных (check_mysql_table_structure): Ok
97% done
2026-Apr-17 12:35:53 Структура базы данных (check_mysql_table_structure): Ok
Успешно
